The system is: Windows - 10.0.17134 - AMD64
Compiling the C compiler identification source file "CMakeCCompilerId.c" succeeded.
Compiler: C:/Program Files (x86)/Microsoft Visual Studio/2017/BuildTools/VC/Tools/MSVC/14.15.26726/bin/Hostx86/x86/cl.exe 
Build flags: 
Id flags:  

The output was:
0
Microsoft (R) C/C++ Optimizing Compiler Version 19.15.26732.1 for x86
Copyright (C) Microsoft Corporation.  All rights reserved.

CMakeCCompilerId.c
Microsoft (R) Incremental Linker Version 14.15.26732.1
Copyright (C) Microsoft Corporation.  All rights reserved.

/out:CMakeCCompilerId.exe 
CMakeCCompilerId.obj 


Compilation of the C compiler identification source "CMakeCCompilerId.c" produced "CMakeCCompilerId.exe"

Compilation of the C compiler identification source "CMakeCCompilerId.c" produced "CMakeCCompilerId.obj"

The C compiler identification is MSVC, found in "C:/Users/mwindle/CLionProjects/simpleDB/cmake-build-debug/CMakeFiles/3.14.2/CompilerIdC/CMakeCCompilerId.exe"

Determining if the C compiler works passed with the following output:
Change Dir: C:/Users/mwindle/CLionProjects/simpleDB/cmake-build-debug/CMakeFiles/CMakeTmp

Run Build Command(s):nmake /nologo cmTC_ae78c\fast 
	"C:\Program Files (x86)\Microsoft Visual Studio\2017\BuildTools\VC\Tools\MSVC\14.15.26726\bin\HostX86\x86\nmake.exe" -f CMakeFiles\cmTC_ae78c.dir\build.make /nologo -L                  CMakeFiles\cmTC_ae78c.dir\build
Building C object CMakeFiles/cmTC_ae78c.dir/testCCompiler.c.obj
	C:\PROGRA~2\MICROS~4\2017\BUILDT~1\VC\Tools\MSVC\1415~1.267\bin\Hostx86\x86\cl.exe @C:\Users\mwindle\AppData\Local\Temp\nm6C48.tmp
testCCompiler.c
Linking C executable cmTC_ae78c.exe
	C:\Users\mwindle\AppData\Local\JetBrains\Toolbox\apps\CLion\ch-0\191.6707.62\bin\cmake\win\bin\cmake.exe -E vs_link_exe --intdir=CMakeFiles\cmTC_ae78c.dir --rc=C:\PROGRA~2\WI3CF2~1\10\bin\100171~1.0\x86\rc.exe --mt=C:\PROGRA~2\WI3CF2~1\10\bin\100171~1.0\x86\mt.exe --manifests  -- C:\PROGRA~2\MICROS~4\2017\BUILDT~1\VC\Tools\MSVC\1415~1.267\bin\Hostx86\x86\link.exe /nologo @CMakeFiles\cmTC_ae78c.dir\objects1.rsp @C:\Users\mwindle\AppData\Local\Temp\nm6CB6.tmp


Detecting C compiler ABI info compiled with the following output:
Change Dir: C:/Users/mwindle/CLionProjects/simpleDB/cmake-build-debug/CMakeFiles/CMakeTmp

Run Build Command(s):nmake /nologo cmTC_b991c\fast 
	"C:\Program Files (x86)\Microsoft Visual Studio\2017\BuildTools\VC\Tools\MSVC\14.15.26726\bin\HostX86\x86\nmake.exe" -f CMakeFiles\cmTC_b991c.dir\build.make /nologo -L                  CMakeFiles\cmTC_b991c.dir\build
Building C object CMakeFiles/cmTC_b991c.dir/CMakeCCompilerABI.c.obj
	C:\PROGRA~2\MICROS~4\2017\BUILDT~1\VC\Tools\MSVC\1415~1.267\bin\Hostx86\x86\cl.exe @C:\Users\mwindle\AppData\Local\Temp\nm6FA3.tmp
CMakeCCompilerABI.c
Linking C executable cmTC_b991c.exe
	C:\Users\mwindle\AppData\Local\JetBrains\Toolbox\apps\CLion\ch-0\191.6707.62\bin\cmake\win\bin\cmake.exe -E vs_link_exe --intdir=CMakeFiles\cmTC_b991c.dir --rc=C:\PROGRA~2\WI3CF2~1\10\bin\100171~1.0\x86\rc.exe --mt=C:\PROGRA~2\WI3CF2~1\10\bin\100171~1.0\x86\mt.exe --manifests  -- C:\PROGRA~2\MICROS~4\2017\BUILDT~1\VC\Tools\MSVC\1415~1.267\bin\Hostx86\x86\link.exe /nologo @CMakeFiles\cmTC_b991c.dir\objects1.rsp @C:\Users\mwindle\AppData\Local\Temp\nm7002.tmp




Detecting C [] compiler features compiled with the following output:
Change Dir: C:/Users/mwindle/CLionProjects/simpleDB/cmake-build-debug/CMakeFiles/CMakeTmp

Run Build Command(s):nmake /nologo cmTC_a398e\fast 
	"C:\Program Files (x86)\Microsoft Visual Studio\2017\BuildTools\VC\Tools\MSVC\14.15.26726\bin\HostX86\x86\nmake.exe" -f CMakeFiles\cmTC_a398e.dir\build.make /nologo -L                  CMakeFiles\cmTC_a398e.dir\build
Building C object CMakeFiles/cmTC_a398e.dir/feature_tests.c.obj
	C:\PROGRA~2\MICROS~4\2017\BUILDT~1\VC\Tools\MSVC\1415~1.267\bin\Hostx86\x86\cl.exe @C:\Users\mwindle\AppData\Local\Temp\nm72DF.tmp
feature_tests.c
Linking C executable cmTC_a398e.exe
	C:\Users\mwindle\AppData\Local\JetBrains\Toolbox\apps\CLion\ch-0\191.6707.62\bin\cmake\win\bin\cmake.exe -E vs_link_exe --intdir=CMakeFiles\cmTC_a398e.dir --rc=C:\PROGRA~2\WI3CF2~1\10\bin\100171~1.0\x86\rc.exe --mt=C:\PROGRA~2\WI3CF2~1\10\bin\100171~1.0\x86\mt.exe --manifests  -- C:\PROGRA~2\MICROS~4\2017\BUILDT~1\VC\Tools\MSVC\1415~1.267\bin\Hostx86\x86\link.exe /nologo @CMakeFiles\cmTC_a398e.dir\objects1.rsp @C:\Users\mwindle\AppData\Local\Temp\nm735D.tmp


    Feature record: C_FEATURE:1c_function_prototypes
    Feature record: C_FEATURE:1c_variadic_macros
